{"numFailedTestSuites":0,"numFailedTests":0,"numPassedTestSuites":5,"numPassedTests":44,"numPendingTestSuites":0,"numPendingTests":0,"numRuntimeErrorTestSuites":0,"numTodoTests":0,"numTotalTestSuites":5,"numTotalTests":44,"openHandles":[],"snapshot":{"added":0,"didUpdate":false,"failure":false,"filesAdded":0,"filesRemoved":0,"filesRemovedList":[],"filesUnmatched":0,"filesUpdated":0,"matched":0,"total":0,"unchecked":0,"uncheckedKeysByFile":[],"unmatched":0,"updated":0},"startTime":1751107230371,"success":true,"testResults":[{"assertionResults":[{"ancestorTitles":["Authentication Middleware Tests","Token Validation"],"duration":134,"failureDetails":[],"failureMessages":[],"fullName":"Authentication Middleware Tests Token Validation should reject requests without Authorization header","invocations":1,"location":null,"numPassingAsserts":2,"retryReasons":[],"status":"passed","title":"should reject requests without Authorization header"},{"ancestorTitles":["Authentication Middleware Tests","Token Validation"],"duration":13,"failureDetails":[],"failureMessages":[],"fullName":"Authentication Middleware Tests Token Validation should reject requests with malformed Authorization header","invocations":1,"location":null,"numPassingAsserts":2,"retryReasons":[],"status":"passed","title":"should reject requests with malformed Authorization header"},{"ancestorTitles":["Authentication Middleware Tests","Token Validation"],"duration":12,"failureDetails":[],"failureMessages":[],"fullName":"Authentication Middleware Tests Token Validation should reject requests with invalid JWT token","invocations":1,"location":null,"numPassingAsserts":2,"retryReasons":[],"status":"passed","title":"should reject requests with invalid JWT token"},{"ancestorTitles":["Authentication Middleware Tests","Token Validation"],"duration":41,"failureDetails":[],"failureMessages":[],"fullName":"Authentication Middleware Tests Token Validation should reject requests with expired JWT token","invocations":1,"location":null,"numPassingAsserts":2,"retryReasons":[],"status":"passed","title":"should reject requests with expired JWT token"},{"ancestorTitles":["Authentication Middleware Tests","Token Validation"],"duration":83,"failureDetails":[],"failureMessages":[],"fullName":"Authentication Middleware Tests Token Validation should accept requests with valid JWT token","invocations":1,"location":null,"numPassingAsserts":2,"retryReasons":[],"status":"passed","title":"should accept requests with valid JWT token"},{"ancestorTitles":["Authentication Middleware Tests","Token Validation"],"duration":13,"failureDetails":[],"failureMessages":[],"fullName":"Authentication Middleware Tests Token Validation should handle JWT with wrong secret","invocations":1,"location":null,"numPassingAsserts":2,"retryReasons":[],"status":"passed","title":"should handle JWT with wrong secret"},{"ancestorTitles":["Authentication Middleware Tests","Role-based Access Control"],"duration":74,"failureDetails":[],"failureMessages":[],"fullName":"Authentication Middleware Tests Role-based Access Control should allow teacher to access teacher-only endpoints","invocations":1,"location":null,"numPassingAsserts":1,"retryReasons":[],"status":"passed","title":"should allow teacher to access teacher-only endpoints"},{"ancestorTitles":["Authentication Middleware Tests","Role-based Access Control"],"duration":41,"failureDetails":[],"failureMessages":[],"fullName":"Authentication Middleware Tests Role-based Access Control should prevent student from accessing teacher-only endpoints","invocations":1,"location":null,"numPassingAsserts":2,"retryReasons":[],"status":"passed","title":"should prevent student from accessing teacher-only endpoints"},{"ancestorTitles":["Authentication Middleware Tests","CORS and Security Headers"],"duration":20,"failureDetails":[],"failureMessages":[],"fullName":"Authentication Middleware Tests CORS and Security Headers should include CORS headers in response","invocations":1,"location":null,"numPassingAsserts":1,"retryReasons":[],"status":"passed","title":"should include CORS headers in response"},{"ancestorTitles":["Authentication Middleware Tests","CORS and Security Headers"],"duration":15,"failureDetails":[],"failureMessages":[],"fullName":"Authentication Middleware Tests CORS and Security Headers should handle preflight OPTIONS requests","invocations":1,"location":null,"numPassingAsserts":1,"retryReasons":[],"status":"passed","title":"should handle preflight OPTIONS requests"},{"ancestorTitles":["Authentication Middleware Tests","Error Handling Middleware"],"duration":17,"failureDetails":[],"failureMessages":[],"fullName":"Authentication Middleware Tests Error Handling Middleware should handle malformed JSON in request body","invocations":1,"location":null,"numPassingAsserts":1,"retryReasons":[],"status":"passed","title":"should handle malformed JSON in request body"},{"ancestorTitles":["Authentication Middleware Tests","Error Handling Middleware"],"duration":45,"failureDetails":[],"failureMessages":[],"fullName":"Authentication Middleware Tests Error Handling Middleware should handle invalid MongoDB ObjectId format","invocations":1,"location":null,"numPassingAsserts":2,"retryReasons":[],"status":"passed","title":"should handle invalid MongoDB ObjectId format"},{"ancestorTitles":["Authentication Middleware Tests","Rate Limiting Simulation"],"duration":113,"failureDetails":[],"failureMessages":[],"fullName":"Authentication Middleware Tests Rate Limiting Simulation should handle multiple rapid requests gracefully","invocations":1,"location":null,"numPassingAsserts":10,"retryReasons":[],"status":"passed","title":"should handle multiple rapid requests gracefully"}],"endTime":1751107236661,"message":"","name":"C:\\FinalProject\\fortitask_project\\backend\\tests\\middleware.test.js","startTime":1751107230545,"status":"passed","summary":""},{"assertionResults":[{"ancestorTitles":["User Authentication Tests","POST /api/users/signup"],"duration":780,"failureDetails":[],"failureMessages":[],"fullName":"User Authentication Tests POST /api/users/signup should register a new student successfully","invocations":1,"location":null,"numPassingAsserts":3,"retryReasons":[],"status":"passed","title":"should register a new student successfully"},{"ancestorTitles":["User Authentication Tests","POST /api/users/signup"],"duration":646,"failureDetails":[],"failureMessages":[],"fullName":"User Authentication Tests POST /api/users/signup should register a new teacher successfully","invocations":1,"location":null,"numPassingAsserts":2,"retryReasons":[],"status":"passed","title":"should register a new teacher successfully"},{"ancestorTitles":["User Authentication Tests","POST /api/users/signup"],"duration":498,"failureDetails":[],"failureMessages":[],"fullName":"User Authentication Tests POST /api/users/signup should reject registration with existing email","invocations":1,"location":null,"numPassingAsserts":2,"retryReasons":[],"status":"passed","title":"should reject registration with existing email"},{"ancestorTitles":["User Authentication Tests","POST /api/users/signup"],"duration":20,"failureDetails":[],"failureMessages":[],"fullName":"User Authentication Tests POST /api/users/signup should reject registration with weak password","invocations":1,"location":null,"numPassingAsserts":2,"retryReasons":[],"status":"passed","title":"should reject registration with weak password"},{"ancestorTitles":["User Authentication Tests","POST /api/users/signup"],"duration":20,"failureDetails":[],"failureMessages":[],"fullName":"User Authentication Tests POST /api/users/signup should reject registration with invalid email format","invocations":1,"location":null,"numPassingAsserts":1,"retryReasons":[],"status":"passed","title":"should reject registration with invalid email format"},{"ancestorTitles":["User Authentication Tests","POST /api/users/signup"],"duration":21,"failureDetails":[],"failureMessages":[],"fullName":"User Authentication Tests POST /api/users/signup should reject registration with missing required fields","invocations":1,"location":null,"numPassingAsserts":2,"retryReasons":[],"status":"passed","title":"should reject registration with missing required fields"},{"ancestorTitles":["User Authentication Tests","POST /api/users/login"],"duration":831,"failureDetails":[],"failureMessages":[],"fullName":"User Authentication Tests POST /api/users/login should login with valid credentials","invocations":1,"location":null,"numPassingAsserts":4,"retryReasons":[],"status":"passed","title":"should login with valid credentials"},{"ancestorTitles":["User Authentication Tests","POST /api/users/login"],"duration":779,"failureDetails":[],"failureMessages":[],"fullName":"User Authentication Tests POST /api/users/login should reject login with wrong password","invocations":1,"location":null,"numPassingAsserts":2,"retryReasons":[],"status":"passed","title":"should reject login with wrong password"},{"ancestorTitles":["User Authentication Tests","POST /api/users/login"],"duration":386,"failureDetails":[],"failureMessages":[],"fullName":"User Authentication Tests POST /api/users/login should reject login with non-existent email","invocations":1,"location":null,"numPassingAsserts":2,"retryReasons":[],"status":"passed","title":"should reject login with non-existent email"},{"ancestorTitles":["User Authentication Tests","POST /api/users/login"],"duration":401,"failureDetails":[],"failureMessages":[],"fullName":"User Authentication Tests POST /api/users/login should reject login with missing email","invocations":1,"location":null,"numPassingAsserts":1,"retryReasons":[],"status":"passed","title":"should reject login with missing email"},{"ancestorTitles":["User Authentication Tests","POST /api/users/login"],"duration":367,"failureDetails":[],"failureMessages":[],"fullName":"User Authentication Tests POST /api/users/login should reject login with missing password","invocations":1,"location":null,"numPassingAsserts":1,"retryReasons":[],"status":"passed","title":"should reject login with missing password"},{"ancestorTitles":["User Authentication Tests","JWT Token Validation"],"duration":4,"failureDetails":[],"failureMessages":[],"fullName":"User Authentication Tests JWT Token Validation should validate valid JWT token","invocations":1,"location":null,"numPassingAsserts":2,"retryReasons":[],"status":"passed","title":"should validate valid JWT token"},{"ancestorTitles":["User Authentication Tests","JWT Token Validation"],"duration":6,"failureDetails":[],"failureMessages":[],"fullName":"User Authentication Tests JWT Token Validation should reject expired JWT token","invocations":1,"location":null,"numPassingAsserts":1,"retryReasons":[],"status":"passed","title":"should reject expired JWT token"},{"ancestorTitles":["User Authentication Tests","JWT Token Validation"],"duration":6,"failureDetails":[],"failureMessages":[],"fullName":"User Authentication Tests JWT Token Validation should reject tampered JWT token","invocations":1,"location":null,"numPassingAsserts":1,"retryReasons":[],"status":"passed","title":"should reject tampered JWT token"}],"endTime":1751107244117,"message":"","name":"C:\\FinalProject\\fortitask_project\\backend\\tests\\userAuth.test.js","startTime":1751107236707,"status":"passed","summary":""},{"assertionResults":[{"ancestorTitles":["Upload Assignment Tests"],"duration":211,"failureDetails":[],"failureMessages":[],"fullName":"Upload Assignment Tests uploads a file on-time and returns isLate=false","invocations":1,"location":null,"numPassingAsserts":5,"retryReasons":[],"status":"passed","title":"uploads a file on-time and returns isLate=false"},{"ancestorTitles":["Upload Assignment Tests"],"duration":109,"failureDetails":[],"failureMessages":[],"fullName":"Upload Assignment Tests uploads a file after deadline and returns isLate=true","invocations":1,"location":null,"numPassingAsserts":3,"retryReasons":[],"status":"passed","title":"uploads a file after deadline and returns isLate=true"},{"ancestorTitles":["Upload Assignment Tests"],"duration":21,"failureDetails":[],"failureMessages":[],"fullName":"Upload Assignment Tests rejects upload without authentication","invocations":1,"location":null,"numPassingAsserts":2,"retryReasons":[],"status":"passed","title":"rejects upload without authentication"},{"ancestorTitles":["Upload Assignment Tests"],"duration":51,"failureDetails":[],"failureMessages":[],"fullName":"Upload Assignment Tests rejects upload without file","invocations":1,"location":null,"numPassingAsserts":2,"retryReasons":[],"status":"passed","title":"rejects upload without file"},{"ancestorTitles":["Upload Assignment Tests"],"duration":116,"failureDetails":[],"failureMessages":[],"fullName":"Upload Assignment Tests uploads a file with correct deadline","invocations":1,"location":null,"numPassingAsserts":5,"retryReasons":[],"status":"passed","title":"uploads a file with correct deadline"}],"endTime":1751107246232,"message":"","name":"C:\\FinalProject\\fortitask_project\\backend\\tests\\uploadAssignment.test.js","startTime":1751107244160,"status":"passed","summary":""},{"assertionResults":[{"ancestorTitles":["Course Management Tests","POST /api/courses/create"],"duration":121,"failureDetails":[],"failureMessages":[],"fullName":"Course Management Tests POST /api/courses/create should create a course successfully by teacher","invocations":1,"location":null,"numPassingAsserts":5,"retryReasons":[],"status":"passed","title":"should create a course successfully by teacher"},{"ancestorTitles":["Course Management Tests","POST /api/courses/create"],"duration":50,"failureDetails":[],"failureMessages":[],"fullName":"Course Management Tests POST /api/courses/create should reject course creation by student","invocations":1,"location":null,"numPassingAsserts":2,"retryReasons":[],"status":"passed","title":"should reject course creation by student"},{"ancestorTitles":["Course Management Tests","POST /api/courses/create"],"duration":15,"failureDetails":[],"failureMessages":[],"fullName":"Course Management Tests POST /api/courses/create should reject course creation without authentication","invocations":1,"location":null,"numPassingAsserts":2,"retryReasons":[],"status":"passed","title":"should reject course creation without authentication"},{"ancestorTitles":["Course Management Tests","POST /api/courses/create"],"duration":30,"failureDetails":[],"failureMessages":[],"fullName":"Course Management Tests POST /api/courses/create should reject course creation with missing required fields","invocations":1,"location":null,"numPassingAsserts":2,"retryReasons":[],"status":"passed","title":"should reject course creation with missing required fields"},{"ancestorTitles":["Course Management Tests","GET /api/courses"],"duration":87,"failureDetails":[],"failureMessages":[],"fullName":"Course Management Tests GET /api/courses should fetch teacher courses for teacher","invocations":1,"location":null,"numPassingAsserts":4,"retryReasons":[],"status":"passed","title":"should fetch teacher courses for teacher"},{"ancestorTitles":["Course Management Tests","GET /api/courses"],"duration":76,"failureDetails":[],"failureMessages":[],"fullName":"Course Management Tests GET /api/courses should fetch all courses for student","invocations":1,"location":null,"numPassingAsserts":3,"retryReasons":[],"status":"passed","title":"should fetch all courses for student"},{"ancestorTitles":["Course Management Tests","POST /api/courses/register/:id"],"duration":117,"failureDetails":[],"failureMessages":[],"fullName":"Course Management Tests POST /api/courses/register/:id should allow student to register for course","invocations":1,"location":null,"numPassingAsserts":2,"retryReasons":[],"status":"passed","title":"should allow student to register for course"},{"ancestorTitles":["Course Management Tests","POST /api/courses/register/:id"],"duration":72,"failureDetails":[],"failureMessages":[],"fullName":"Course Management Tests POST /api/courses/register/:id should prevent duplicate registration","invocations":1,"location":null,"numPassingAsserts":2,"retryReasons":[],"status":"passed","title":"should prevent duplicate registration"},{"ancestorTitles":["Course Management Tests","POST /api/courses/register/:id"],"duration":46,"failureDetails":[],"failureMessages":[],"fullName":"Course Management Tests POST /api/courses/register/:id should reject teacher registration for course","invocations":1,"location":null,"numPassingAsserts":2,"retryReasons":[],"status":"passed","title":"should reject teacher registration for course"},{"ancestorTitles":["Course Management Tests","DELETE /api/courses/:id"],"duration":58,"failureDetails":[],"failureMessages":[],"fullName":"Course Management Tests DELETE /api/courses/:id should allow teacher to delete their own course","invocations":1,"location":null,"numPassingAsserts":2,"retryReasons":[],"status":"passed","title":"should allow teacher to delete their own course"},{"ancestorTitles":["Course Management Tests","DELETE /api/courses/:id"],"duration":62,"failureDetails":[],"failureMessages":[],"fullName":"Course Management Tests DELETE /api/courses/:id should reject student trying to delete course","invocations":1,"location":null,"numPassingAsserts":2,"retryReasons":[],"status":"passed","title":"should reject student trying to delete course"}],"endTime":1751107248935,"message":"","name":"C:\\FinalProject\\fortitask_project\\backend\\tests\\courseManagement.test.js","startTime":1751107246266,"status":"passed","summary":""},{"assertionResults":[{"ancestorTitles":["Health Endpoint"],"duration":10,"failureDetails":[],"failureMessages":[],"fullName":"Health Endpoint returns status ok","invocations":1,"location":null,"numPassingAsserts":2,"retryReasons":[],"status":"passed","title":"returns status ok"}],"endTime":1751107249452,"message":"","name":"C:\\FinalProject\\fortitask_project\\backend\\tests\\health.test.js","startTime":1751107248971,"status":"passed","summary":""}],"wasInterrupted":false}
